===============================================================================
Sun Jul 23 15:37:07 Eastern Daylight Time 2023
-------------------------------------------------------------------------------
Collecting map data
'Collecting map data' on frame 0
'Collecting map data' on frame 1
'Collecting map data' on frame 2
'Collecting map data' on frame 3
'Collecting map data' on frame 4
'Collecting map data' on frame 5
'Collecting map data' on frame 6
'Collecting map data' on frame 7
'Collecting map data' on frame 8
'Collecting map data' on frame 9
'Collecting map data' on frame 10
'Collecting map data' on frame 11
'Collecting map data' on frame 12
'Collecting map data' on frame 13
'Collecting map data' on frame 14
'Collecting map data' on frame 15
'Collecting map data' on frame 16
'Collecting map data' on frame 17
'Collecting map data' on frame 18
'Collecting map data' on frame 19
'Collecting map data' on frame 20
Drawing preview
'Drawing preview' on frame 0
Saving "Sofía's house"
'Saving "Sofía's house"' on frame 0
Script 'SDK' line 0: SystemExit occured.

(eval):129:in `exit'exit

Backtrace:
'SDK' line 0(eval) 129:in `update'
'SDK' line 0(eval) 129:in `update'
'SDK::Scene_Base' line 110 in `update_modules'
'SDK::Scene_Base' line 91 in `main_loop'
'SDK::Scene_Base' line 47 in `main'
'SDK::Scene_Base' line 46 in `loop'
'SDK::Scene_Base' line 49 in `main'
'Main' line 12

